\BOOKMARK [1][-]{section.1}{\376\377\000F\000u\000l\000l\000\040\000P\000a\000p\000e\000r\000\040\000S\000u\000b\000m\000i\000s\000s\000i\000o\000n}{}% 1
\BOOKMARK [1][-]{section.2}{\376\377\000\040\000F\000i\000n\000a\000l\000\040\000P\000a\000p\000e\000r}{}% 2
\BOOKMARK [2][-]{subsection.2.1}{\376\377\000G\000e\000n\000e\000r\000a\000l\000\040\000I\000n\000s\000t\000r\000u\000c\000t\000i\000o\000n\000s\000\040\000f\000o\000r\000\040\000t\000h\000e\000\040\000F\000i\000n\000a\000l\000\040\000P\000a\000p\000e\000r}{section.2}% 3
\BOOKMARK [1][-]{section.3}{\376\377\000P\000a\000g\000e\000\040\000N\000u\000m\000b\000e\000r\000i\000n\000g}{}% 4
\BOOKMARK [1][-]{section.4}{\376\377\000H\000e\000a\000d\000i\000n\000g\000s\000\040\000/\000\040\000L\000e\000v\000e\000l\000\040\0001\000\040\000H\000e\000a\000d\000i\000n\000g\000s}{}% 5
\BOOKMARK [2][-]{subsection.4.1}{\376\377\000L\000e\000v\000e\000l\000\040\0002\000\040\000H\000e\000a\000d\000i\000n\000g\000s}{section.4}% 6
\BOOKMARK [3][-]{subsubsection.4.1.1}{\376\377\000L\000e\000v\000e\000l\000\040\0003\000\040\000H\000e\000a\000d\000i\000n\000g\000s}{subsection.4.1}% 7
\BOOKMARK [1][-]{section.5}{\376\377\000C\000i\000t\000i\000n\000g\000\040\000R\000e\000f\000e\000r\000e\000n\000c\000e\000s\000\040\000i\000n\000\040\000t\000h\000e\000\040\000T\000e\000x\000t}{}% 8
\BOOKMARK [2][-]{subsection.5.1}{\376\377\000B\000i\000b\000l\000i\000o\000g\000r\000a\000p\000h\000i\000c\000a\000l\000\040\000R\000e\000f\000e\000r\000e\000n\000c\000e\000s}{section.5}% 9
\BOOKMARK [2][-]{subsection.5.2}{\376\377\000L\000a\000n\000g\000u\000a\000g\000e\000\040\000R\000e\000s\000o\000u\000r\000c\000e\000\040\000R\000e\000f\000e\000r\000e\000n\000c\000e\000s}{section.5}% 10
\BOOKMARK [3][-]{subsubsection.5.2.1}{\376\377\000W\000h\000e\000n\000\040\000C\000i\000t\000i\000n\000g\000\040\000L\000a\000n\000g\000u\000a\000g\000e\000\040\000R\000e\000s\000o\000u\000r\000c\000e\000s}{subsection.5.2}% 11
\BOOKMARK [1][-]{section.6}{\376\377\000F\000i\000g\000u\000r\000e\000s\000\040\000\046\000\040\000T\000a\000b\000l\000e\000s}{}% 12
\BOOKMARK [2][-]{subsection.6.1}{\376\377\000F\000i\000g\000u\000r\000e\000s}{section.6}% 13
\BOOKMARK [2][-]{subsection.6.2}{\376\377\000T\000a\000b\000l\000e\000s}{section.6}% 14
\BOOKMARK [1][-]{section.7}{\376\377\000F\000o\000o\000t\000n\000o\000t\000e\000s}{}% 15
\BOOKMARK [1][-]{section.8}{\376\377\000C\000o\000p\000y\000r\000i\000g\000h\000t\000s}{}% 16
\BOOKMARK [1][-]{section.9}{\376\377\000C\000o\000n\000c\000l\000u\000s\000i\000o\000n}{}% 17
\BOOKMARK [1][-]{section.10}{\376\377\000A\000c\000k\000n\000o\000w\000l\000e\000d\000g\000e\000m\000e\000n\000t\000s}{}% 18
\BOOKMARK [1][-]{section.11}{\376\377\000P\000r\000o\000v\000i\000d\000i\000n\000g\000\040\000R\000e\000f\000e\000r\000e\000n\000c\000e\000s}{}% 19
\BOOKMARK [2][-]{subsection.11.1}{\376\377\000B\000i\000b\000l\000i\000o\000g\000r\000a\000p\000h\000i\000c\000a\000l\000\040\000R\000e\000f\000e\000r\000e\000n\000c\000e\000s}{section.11}% 20
\BOOKMARK [2][-]{subsection.11.2}{\376\377\000L\000a\000n\000g\000u\000a\000g\000e\000\040\000R\000e\000s\000o\000u\000r\000c\000e\000\040\000R\000e\000f\000e\000r\000e\000n\000c\000e\000s}{section.11}% 21
\BOOKMARK [1][-]{section.12}{\376\377\000B\000i\000b\000l\000i\000o\000g\000r\000a\000p\000h\000i\000c\000a\000l\000\040\000R\000e\000f\000e\000r\000e\000n\000c\000e\000s}{}% 22
\BOOKMARK [1][-]{section.13}{\376\377\000L\000a\000n\000g\000u\000a\000g\000e\000\040\000R\000e\000s\000o\000u\000r\000c\000e\000\040\000R\000e\000f\000e\000r\000e\000n\000c\000e\000s}{}% 23
